app/build/outputs/logs/manifest-merger-debug-report.txt
-- Merging decision tree log ---
manifest
ADDED from AndroidManifest.xml:1:1
	xmlns:android
		ADDED from AndroidManifest.xml:3:2
	package
		ADDED from AndroidManifest.xml:2:2
		INJECTED from AndroidManifest.xml:0:0
		INJECTED from AndroidManifest.xml:0:0
	android:versionName
		ADDED from AndroidManifest.xml:5:2
	android:versionCode
		ADDED from AndroidManifest.xml:4:2
		INJECTED from AndroidManifest.xml:0:0
		INJECTED from AndroidManifest.xml:0:0
application
ADDED from AndroidManifest.xml:7:2
MERGED from com.android.support:support-v13:22.1.1:22:5
MERGED from com.android.support:support-v4:22.1.1:22:5
	android:label
		ADDED from AndroidManifest.xml:10:3
	android:allowBackup
		ADDED from AndroidManifest.xml:8:3
	android:icon
		ADDED from AndroidManifest.xml:9:3
	android:theme
		ADDED from AndroidManifest.xml:11:3
activity#com.xizz.scoreoflife.MainActivity
ADDED from AndroidManifest.xml:12:3
	android:label
		ADDED from AndroidManifest.xml:14:4
	android:name
		ADDED from AndroidManifest.xml:13:4
intent-filter#android.intent.action.MAIN+android.intent.category.LAUNCHER
ADDED from AndroidManifest.xml:15:4
action#android.intent.action.MAIN
ADDED from AndroidManifest.xml:16:5
	android:name
		ADDED from AndroidManifest.xml:16:13
category#android.intent.category.LAUNCHER
ADDED from AndroidManifest.xml:18:5
	android:name
		ADDED from AndroidManifest.xml:18:15
activity#com.xizz.scoreoflife.EventsActivity
ADDED from AndroidManifest.xml:21:3
	android:label
		ADDED from AndroidManifest.xml:23:4
	android:parentActivityName
		ADDED from AndroidManifest.xml:24:4
	android:name
		ADDED from AndroidManifest.xml:22:4
activity#com.xizz.scoreoflife.EventInputActivity
ADDED from AndroidManifest.xml:26:3
	android:label
		ADDED from AndroidManifest.xml:28:4
	android:name
		ADDED from AndroidManifest.xml:27:4
activity#com.xizz.scoreoflife.ScoreActivity
ADDED from AndroidManifest.xml:29:3
	android:label
		ADDED from AndroidManifest.xml:31:4
	android:parentActivityName
		ADDED from AndroidManifest.xml:32:4
	android:name
		ADDED from AndroidManifest.xml:30:4
activity#com.xizz.scoreoflife.EventDetailActivity
ADDED from AndroidManifest.xml:33:3
	android:label
		ADDED from AndroidManifest.xml:35:4
	android:name
		ADDED from AndroidManifest.xml:34:4
uses-sdk
INJECTED from AndroidManifest.xml:0:0 reason: use-sdk injection requested
MERGED from com.android.support:support-v13:22.1.1:20:5
MERGED from com.android.support:support-v4:22.1.1:20:5
	android:targetSdkVersion
		INJECTED from AndroidManifest.xml:0:0
		INJECTED from AndroidManifest.xml:0:0
	android:minSdkVersion
		INJECTED from AndroidManifest.xml:0:0
		INJECTED from AndroidManifest.xml:0:0